[debug] [2019-11-06T06:57:02.824Z] ----------------------------------------------------------------------
[debug] [2019-11-06T06:57:02.826Z] Command:       C:\Program Files\nodejs\node.exe C:\Users\63942\AppData\Roaming\npm\node_modules\firebase-tools\lib\bin\firebase.js init functions
[debug] [2019-11-06T06:57:02.826Z] CLI Version:   7.6.1
[debug] [2019-11-06T06:57:02.826Z] Platform:      win32
[debug] [2019-11-06T06:57:02.826Z] Node Version:  v10.16.3
[debug] [2019-11-06T06:57:02.830Z] Time:          Wed Nov 06 2019 14:57:02 GMT+0800 (Singapore Standard Time)
[debug] [2019-11-06T06:57:02.830Z] ----------------------------------------------------------------------
[debug] [2019-11-06T06:57:02.830Z] 
[debug] [2019-11-06T06:57:02.844Z] > command requires scopes: ["email","openid","https://www.googleapis.com/auth/cloudplatformprojects.readonly","https://www.googleapis.com/auth/firebase","https://www.googleapis.com/auth/cloud-platform"]
[debug] [2019-11-06T06:57:02.845Z] > authorizing via signed-in user
[info] 
     ######## #### ########  ######## ########     ###     ######  ########
     ##        ##  ##     ## ##       ##     ##  ##   ##  ##       ##
     ######    ##  ########  ######   ########  #########  ######  ######
     ##        ##  ##    ##  ##       ##     ## ##     ##       ## ##
     ##       #### ##     ## ######## ########  ##     ##  ######  ########

You're about to initialize a Firebase project in this directory:

  C:\Users\63942\Documents\Projects\hhc-003

Before we get started, keep in mind:

  * You are initializing in an existing Firebase project directory

[info] 
=== Project Setup
[info] 
[info] First, let's associate this project directory with a Firebase project.
[info] You can create multiple project aliases by running firebase use --add, 
[info] but for now we'll just set up a default project.
[info] 
[info] i  .firebaserc already has a default project, using hhc-002.
[debug] [2019-11-06T06:57:08.495Z] > refreshing access token with scopes: ["email","https://www.googleapis.com/auth/cloud-platform","https://www.googleapis.com/auth/cloudplatformprojects.readonly","https://www.googleapis.com/auth/firebase","openid"]
[debug] [2019-11-06T06:57:08.496Z] >>> HTTP REQUEST POST https://www.googleapis.com/oauth2/v3/token  
 <request body omitted>
[debug] [2019-11-06T06:57:08.757Z] <<< HTTP RESPONSE 200
[debug] [2019-11-06T06:57:08.762Z] >>> HTTP REQUEST GET https://firebase.googleapis.com/v1beta1/projects/hhc-002  
 
[debug] [2019-11-06T06:57:09.536Z] <<< HTTP RESPONSE 200
[info] 
=== Functions Setup
[info] 
[info] A functions directory will be created in your project with a Node.js
[info] package pre-configured. Functions can be deployed with firebase deploy.
[info] 
[debug] [2019-11-06T06:57:09.551Z] > command requires scopes: ["email","openid","https://www.googleapis.com/auth/cloudplatformprojects.readonly","https://www.googleapis.com/auth/firebase","https://www.googleapis.com/auth/cloud-platform"]
[debug] [2019-11-06T06:57:09.554Z] > authorizing via signed-in user
[debug] [2019-11-06T06:57:09.554Z] >>> HTTP REQUEST GET https://firebase.googleapis.com/v1beta1/projects/hhc-002  
 
[debug] [2019-11-06T06:57:10.240Z] <<< HTTP RESPONSE 200
[debug] [2019-11-06T06:57:10.251Z] >>> HTTP REQUEST POST https://serviceusage.googleapis.com/v1/projects/hhc-002/services/cloudfunctions.googleapis.com:enable  
 
[debug] [2019-11-06T06:57:10.252Z] >>> HTTP REQUEST POST https://serviceusage.googleapis.com/v1/projects/hhc-002/services/runtimeconfig.googleapis.com:enable  
 
[debug] [2019-11-06T06:57:11.778Z] <<< HTTP RESPONSE 200
[debug] [2019-11-06T06:57:11.817Z] <<< HTTP RESPONSE 200
[info] +  Wrote functions/package.json
[info] +  Wrote functions/index.js
[info] +  Wrote functions/.gitignore
